# JRE version: OpenJDK Runtime Environment (8.0_265-b01) (build 1.8.0_265-b01)
# Java VM: OpenJDK 64-Bit Server VM (25.265-b01 mixed mode windows-amd64 compressed oops)
Heap:
 PSYoungGen      total 141824K, used 18284K [0x000000076ad80000, 0x000000077de80000, 0x00000007c0000000)
  eden space 131072K, 13% used [0x000000076ad80000,0x000000076bf5b328,0x0000000772d80000)
  from space 10752K, 0% used [0x0000000772d80000,0x0000000772d80000,0x0000000773800000)
  to   space 25088K, 0% used [0x000000077c600000,0x000000077c600000,0x000000077de80000)
 ParOldGen       total 129024K, used 19068K [0x00000006c0800000, 0x00000006c8600000, 0x000000076ad80000)
  object space 129024K, 14% used [0x00000006c0800000,0x00000006c1a9f108,0x00000006c8600000)
 Metaspace       used 21835K, capacity 22170K, committed 22448K, reserved 1069056K
  class space    used 2698K, capacity 2781K, committed 2816K, reserved 1048576K
GC Heap History (10 events):
Event: 1.934 GC heap before
{Heap before GC invocations=2 (full 0):
 PSYoungGen      total 76288K, used 76285K [0x000000076ad80000, 0x0000000770280000, 0x00000007c0000000)
  eden space 65536K, 100% used [0x000000076ad80000,0x000000076ed80000,0x000000076ed80000)
  from space 10752K, 99% used [0x000000076ed80000,0x000000076f7ff510,0x000000076f800000)
  to   space 10752K, 0% used [0x000000076f800000,0x000000076f800000,0x0000000770280000)
 ParOldGen       total 175104K, used 5098K [0x00000006c0800000, 0x00000006cb300000, 0x000000076ad80000)
  object space 175104K, 2% used [0x00000006c0800000,0x00000006c0cfa9a8,0x00000006cb300000)
 Metaspace       used 15346K, capacity 15486K, committed 15616K, reserved 1062912K
  class space    used 1955K, capacity 2015K, committed 2048K, reserved 1048576K
Event: 1.943 GC heap after
Heap after GC invocations=2 (full 0):
 PSYoungGen      total 76288K, used 10732K [0x000000076ad80000, 0x0000000770280000, 0x00000007c0000000)
  eden space 65536K, 0% used [0x000000076ad80000,0x000000076ad80000,0x000000076ed80000)
  from space 10752K, 99% used [0x000000076f800000,0x000000077027b0c0,0x0000000770280000)
  to   space 10752K, 0% used [0x000000076ed80000,0x000000076ed80000,0x000000076f800000)
 ParOldGen       total 175104K, used 17197K [0x00000006c0800000, 0x00000006cb300000, 0x000000076ad80000)
  object space 175104K, 9% used [0x00000006c0800000,0x00000006c18cb550,0x00000006cb300000)
 Metaspace       used 15346K, capacity 15486K, committed 15616K, reserved 1062912K
  class space    used 1955K, capacity 2015K, committed 2048K, reserved 1048576K
}
Event: 2.718 GC heap before
{Heap before GC invocations=3 (full 0):
 PSYoungGen      total 76288K, used 76268K [0x000000076ad80000, 0x0000000770280000, 0x00000007c0000000)
  eden space 65536K, 100% used [0x000000076ad80000,0x000000076ed80000,0x000000076ed80000)
  from space 10752K, 99% used [0x000000076f800000,0x000000077027b0c0,0x0000000770280000)
  to   space 10752K, 0% used [0x000000076ed80000,0x000000076ed80000,0x000000076f800000)
 ParOldGen       total 175104K, used 17197K [0x00000006c0800000, 0x00000006cb300000, 0x000000076ad80000)
  object space 175104K, 9% used [0x00000006c0800000,0x00000006c18cb550,0x00000006cb300000)
 Metaspace       used 20510K, capacity 20774K, committed 20864K, reserved 1067008K
  class space    used 2578K, capacity 2671K, committed 2688K, reserved 1048576K
Event: 2.731 GC heap after
Heap after GC invocations=3 (full 0):
 PSYoungGen      total 76288K, used 10743K [0x000000076ad80000, 0x0000000774280000, 0x00000007c0000000)
  eden space 65536K, 0% used [0x000000076ad80000,0x000000076ad80000,0x000000076ed80000)
  from space 10752K, 99% used [0x000000076ed80000,0x000000076f7fdd78,0x000000076f800000)
  to   space 10752K, 0% used [0x0000000773800000,0x0000000773800000,0x0000000774280000)
 ParOldGen       total 175104K, used 23045K [0x00000006c0800000, 0x00000006cb300000, 0x000000076ad80000)
  object space 175104K, 13% used [0x00000006c0800000,0x00000006c1e81728,0x00000006cb300000)
 Metaspace       used 20510K, capacity 20774K, committed 20864K, reserved 1067008K
  class space    used 2578K, capacity 2671K, committed 2688K, reserved 1048576K
}
Event: 3.024 GC heap before
{Heap before GC invocations=4 (full 0):
 PSYoungGen      total 76288K, used 76279K [0x000000076ad80000, 0x0000000774280000, 0x00000007c0000000)
  eden space 65536K, 100% used [0x000000076ad80000,0x000000076ed80000,0x000000076ed80000)
  from space 10752K, 99% used [0x000000076ed80000,0x000000076f7fdd78,0x000000076f800000)
  to   space 10752K, 0% used [0x0000000773800000,0x0000000773800000,0x0000000774280000)
 ParOldGen       total 175104K, used 23045K [0x00000006c0800000, 0x00000006cb300000, 0x000000076ad80000)
  object space 175104K, 13% used [0x00000006c0800000,0x00000006c1e81728,0x00000006cb300000)
 Metaspace       used 20815K, capacity 21166K, committed 21296K, reserved 1069056K
  class space    used 2588K, capacity 2683K, committed 2688K, reserved 1048576K
Event: 3.033 GC heap after
Heap after GC invocations=4 (full 0):
 PSYoungGen      total 141824K, used 10733K [0x000000076ad80000, 0x0000000774280000, 0x00000007c0000000)
  eden space 131072K, 0% used [0x000000076ad80000,0x000000076ad80000,0x0000000772d80000)
  from space 10752K, 99% used [0x0000000773800000,0x000000077427b4a8,0x0000000774280000)
  to   space 10752K, 0% used [0x0000000772d80000,0x0000000772d80000,0x0000000773800000)
 ParOldGen       total 175104K, used 23861K [0x00000006c0800000, 0x00000006cb300000, 0x000000076ad80000)
  object space 175104K, 13% used [0x00000006c0800000,0x00000006c1f4d738,0x00000006cb300000)
 Metaspace       used 20815K, capacity 21166K, committed 21296K, reserved 1069056K
  class space    used 2588K, capacity 2683K, committed 2688K, reserved 1048576K
}
Event: 3.385 GC heap before
{Heap before GC invocations=5 (full 0):
 PSYoungGen      total 141824K, used 99213K [0x000000076ad80000, 0x0000000774280000, 0x00000007c0000000)
  eden space 131072K, 67% used [0x000000076ad80000,0x00000007703e80c8,0x0000000772d80000)
  from space 10752K, 99% used [0x0000000773800000,0x000000077427b4a8,0x0000000774280000)
  to   space 10752K, 0% used [0x0000000772d80000,0x0000000772d80000,0x0000000773800000)
 ParOldGen       total 175104K, used 23861K [0x00000006c0800000, 0x00000006cb300000, 0x000000076ad80000)
  object space 175104K, 13% used [0x00000006c0800000,0x00000006c1f4d738,0x00000006cb300000)
 Metaspace       used 20966K, capacity 21242K, committed 21296K, reserved 1069056K
  class space    used 2599K, capacity 2685K, committed 2688K, reserved 1048576K
Event: 3.399 GC heap after
Heap after GC invocations=5 (full 0):
 PSYoungGen      total 141824K, used 10596K [0x000000076ad80000, 0x000000077de80000, 0x00000007c0000000)
  eden space 131072K, 0% used [0x000000076ad80000,0x000000076ad80000,0x0000000772d80000)
  from space 10752K, 98% used [0x0000000772d80000,0x00000007737d93a0,0x0000000773800000)
  to   space 25088K, 0% used [0x000000077c600000,0x000000077c600000,0x000000077de80000)
 ParOldGen       total 175104K, used 23861K [0x00000006c0800000, 0x00000006cb300000, 0x000000076ad80000)
  object space 175104K, 13% used [0x00000006c0800000,0x00000006c1f4d738,0x00000006cb300000)
 Metaspace       used 20966K, capacity 21242K, committed 21296K, reserved 1069056K
  class space    used 2599K, capacity 2685K, committed 2688K, reserved 1048576K
}
Event: 3.399 GC heap before
{Heap before GC invocations=6 (full 1):
 PSYoungGen      total 141824K, used 10596K [0x000000076ad80000, 0x000000077de80000, 0x00000007c0000000)
  eden space 131072K, 0% used [0x000000076ad80000,0x000000076ad80000,0x0000000772d80000)
  from space 10752K, 98% used [0x0000000772d80000,0x00000007737d93a0,0x0000000773800000)
  to   space 25088K, 0% used [0x000000077c600000,0x000000077c600000,0x000000077de80000)
 ParOldGen       total 175104K, used 23861K [0x00000006c0800000, 0x00000006cb300000, 0x000000076ad80000)
  object space 175104K, 13% used [0x00000006c0800000,0x00000006c1f4d738,0x00000006cb300000)
 Metaspace       used 20966K, capacity 21242K, committed 21296K, reserved 1069056K
  class space    used 2599K, capacity 2685K, committed 2688K, reserved 1048576K
Event: 3.468 GC heap after
Heap after GC invocations=6 (full 1):
 PSYoungGen      total 141824K, used 0K [0x000000076ad80000, 0x000000077de80000, 0x00000007c0000000)
  eden space 131072K, 0% used [0x000000076ad80000,0x000000076ad80000,0x0000000772d80000)
  from space 10752K, 0% used [0x0000000772d80000,0x0000000772d80000,0x0000000773800000)
  to   space 25088K, 0% used [0x000000077c600000,0x000000077c600000,0x000000077de80000)
 ParOldGen       total 129024K, used 19068K [0x00000006c0800000, 0x00000006c8600000, 0x000000076ad80000)
  object space 129024K, 14% used [0x00000006c0800000,0x00000006c1a9f108,0x00000006c8600000)
 Metaspace       used 20966K, capacity 21242K, committed 21296K, reserved 1069056K
  class space    used 2599K, capacity 2685K, committed 2688K, reserved 1048576K
}

